<?xml version="1.0" encoding="UTF-8"?>
<coverage generated="1715829888747" clover="3.2.0">
  <project timestamp="1715829888747" name="All files">
    <metrics statements="41" coveredstatements="41" conditionals="21" coveredconditionals="21" methods="12" coveredmethods="12" elements="74" coveredelements="74" complexity="0" loc="41" ncloc="41" packages="1" files="4" classes="4"/>
    <file name="Direction.ts" path="/Users/alonso/projects/tdd-practice/marsRover/src/Direction.ts">
      <metrics statements="8" coveredstatements="8" conditionals="2" coveredconditionals="2" methods="4" coveredmethods="4"/>
      <line num="1" count="1" type="stmt"/>
      <line num="3" count="1" type="stmt"/>
      <line num="4" count="17" type="stmt"/>
      <line num="6" count="173" type="stmt"/>
      <line num="9" count="17" type="stmt"/>
      <line num="10" count="17" type="cond" truecount="1" falsecount="0"/>
      <line num="13" count="8" type="stmt"/>
      <line num="14" count="8" type="cond" truecount="1" falsecount="0"/>
    </file>
    <file name="Map.ts" path="/Users/alonso/projects/tdd-practice/marsRover/src/Map.ts">
      <metrics statements="14" coveredstatements="14" conditionals="15" coveredconditionals="15" methods="4" coveredmethods="4"/>
      <line num="2" count="1" type="stmt"/>
      <line num="4" count="1" type="stmt"/>
      <line num="5" count="1" type="stmt"/>
      <line num="7" count="1" type="stmt"/>
      <line num="8" count="17" type="stmt"/>
      <line num="11" count="39" type="stmt"/>
      <line num="12" count="39" type="stmt"/>
      <line num="13" count="39" type="cond" truecount="1" falsecount="0"/>
      <line num="14" count="39" type="cond" truecount="1" falsecount="0"/>
      <line num="15" count="39" type="cond" truecount="3" falsecount="0"/>
      <line num="16" count="39" type="cond" truecount="3" falsecount="0"/>
      <line num="17" count="39" type="stmt"/>
      <line num="18" count="38" type="stmt"/>
      <line num="22" count="39" type="cond" truecount="7" falsecount="0"/>
    </file>
    <file name="Point.ts" path="/Users/alonso/projects/tdd-practice/marsRover/src/Point.ts">
      <metrics statements="4" coveredstatements="4" conditionals="0" coveredconditionals="0" methods="2" coveredmethods="2"/>
      <line num="1" count="1" type="stmt"/>
      <line num="6" count="56" type="stmt"/>
      <line num="7" count="56" type="stmt"/>
      <line num="11" count="17" type="stmt"/>
    </file>
    <file name="Rover.ts" path="/Users/alonso/projects/tdd-practice/marsRover/src/Rover.ts">
      <metrics statements="15" coveredstatements="15" conditionals="4" coveredconditionals="4" methods="2" coveredmethods="2"/>
      <line num="1" count="1" type="stmt"/>
      <line num="2" count="1" type="stmt"/>
      <line num="5" count="1" type="stmt"/>
      <line num="6" count="17" type="stmt"/>
      <line num="7" count="17" type="stmt"/>
      <line num="9" count="17" type="stmt"/>
      <line num="12" count="17" type="stmt"/>
      <line num="13" count="64" type="cond" truecount="1" falsecount="0"/>
      <line num="14" count="64" type="cond" truecount="1" falsecount="0"/>
      <line num="15" count="64" type="cond" truecount="1" falsecount="0"/>
      <line num="16" count="39" type="stmt"/>
      <line num="17" count="39" type="stmt"/>
      <line num="19" count="1" type="cond" truecount="1" falsecount="0"/>
      <line num="20" count="1" type="stmt"/>
      <line num="25" count="16" type="stmt"/>
    </file>
  </project>
</coverage>
