{"/Users/alonso/projects/tdd-practice/marsRover/src/Direction.ts": {"path":"/Users/alonso/projects/tdd-practice/marsRover/src/Direction.ts","statementMap":{"0":{"start":{"line":1,"column":19},"end":{"line":1,"column":39}},"1":{"start":{"line":4,"column":12},"end":{"line":4,"column":null}},"2":{"start":{"line":6,"column":8},"end":{"line":6,"column":null}},"3":{"start":{"line":9,"column":8},"end":{"line":9,"column":null}},"4":{"start":{"line":10,"column":8},"end":{"line":10,"column":null}},"5":{"start":{"line":10,"column":33},"end":{"line":10,"column":null}},"6":{"start":{"line":13,"column":8},"end":{"line":13,"column":null}},"7":{"start":{"line":14,"column":8},"end":{"line":14,"column":null}},"8":{"start":{"line":14,"column":34},"end":{"line":14,"column":null}},"9":{"start":{"line":3,"column":0},"end":{"line":3,"column":13}}},"fnMap":{"0":{"name":"(anonymous_0)","decl":{"start":{"line":3,"column":0},"end":{"line":3,"column":13}},"loc":{"start":{"line":3,"column":0},"end":{"line":16,"column":1}}},"1":{"name":"(anonymous_1)","decl":{"start":{"line":5,"column":4},"end":{"line":5,"column":12}},"loc":{"start":{"line":5,"column":12},"end":{"line":7,"column":5}}},"2":{"name":"(anonymous_2)","decl":{"start":{"line":8,"column":4},"end":{"line":8,"column":15}},"loc":{"start":{"line":8,"column":15},"end":{"line":11,"column":5}}},"3":{"name":"(anonymous_3)","decl":{"start":{"line":12,"column":4},"end":{"line":12,"column":14}},"loc":{"start":{"line":12,"column":14},"end":{"line":15,"column":5}}}},"branchMap":{"0":{"loc":{"start":{"line":10,"column":8},"end":{"line":10,"column":null}},"type":"if","locations":[{"start":{"line":10,"column":8},"end":{"line":10,"column":null}}]},"1":{"loc":{"start":{"line":14,"column":8},"end":{"line":14,"column":null}},"type":"if","locations":[{"start":{"line":14,"column":8},"end":{"line":14,"column":null}}]}},"s":{"0":1,"1":17,"2":173,"3":17,"4":17,"5":1,"6":8,"7":8,"8":4,"9":1},"f":{"0":17,"1":173,"2":17,"3":8},"b":{"0":[1],"1":[4]}}
,"/Users/alonso/projects/tdd-practice/marsRover/src/Map.ts": {"path":"/Users/alonso/projects/tdd-practice/marsRover/src/Map.ts","statementMap":{"0":{"start":{"line":2,"column":0},"end":{"line":2,"column":32}},"1":{"start":{"line":4,"column":14},"end":{"line":4,"column":16}},"2":{"start":{"line":5,"column":14},"end":{"line":5,"column":16}},"3":{"start":{"line":8,"column":24},"end":{"line":8,"column":43}},"4":{"start":{"line":11,"column":16},"end":{"line":11,"column":26}},"5":{"start":{"line":12,"column":16},"end":{"line":12,"column":26}},"6":{"start":{"line":13,"column":8},"end":{"line":13,"column":null}},"7":{"start":{"line":13,"column":42},"end":{"line":13,"column":null}},"8":{"start":{"line":14,"column":8},"end":{"line":14,"column":null}},"9":{"start":{"line":14,"column":42},"end":{"line":14,"column":null}},"10":{"start":{"line":15,"column":8},"end":{"line":15,"column":null}},"11":{"start":{"line":15,"column":42},"end":{"line":15,"column":null}},"12":{"start":{"line":16,"column":8},"end":{"line":16,"column":null}},"13":{"start":{"line":16,"column":42},"end":{"line":16,"column":null}},"14":{"start":{"line":17,"column":8},"end":{"line":17,"column":null}},"15":{"start":{"line":18,"column":8},"end":{"line":18,"column":null}},"16":{"start":{"line":22,"column":8},"end":{"line":22,"column":null}},"17":{"start":{"line":22,"column":45},"end":{"line":22,"column":81}},"18":{"start":{"line":22,"column":84},"end":{"line":22,"column":null}},"19":{"start":{"line":7,"column":0},"end":{"line":7,"column":13}}},"fnMap":{"0":{"name":"(anonymous_0)","decl":{"start":{"line":8,"column":4},"end":{"line":8,"column":24}},"loc":{"start":{"line":8,"column":43},"end":{"line":8,"column":47}}},"1":{"name":"(anonymous_1)","decl":{"start":{"line":10,"column":4},"end":{"line":10,"column":12}},"loc":{"start":{"line":10,"column":50},"end":{"line":19,"column":5}}},"2":{"name":"(anonymous_2)","decl":{"start":{"line":21,"column":12},"end":{"line":21,"column":43}},"loc":{"start":{"line":21,"column":64},"end":{"line":23,"column":5}}},"3":{"name":"(anonymous_3)","decl":{"start":{"line":22,"column":33},"end":{"line":22,"column":41}},"loc":{"start":{"line":22,"column":45},"end":{"line":22,"column":81}}}},"branchMap":{"0":{"loc":{"start":{"line":13,"column":8},"end":{"line":13,"column":null}},"type":"if","locations":[{"start":{"line":13,"column":8},"end":{"line":13,"column":null}}]},"1":{"loc":{"start":{"line":14,"column":8},"end":{"line":14,"column":null}},"type":"if","locations":[{"start":{"line":14,"column":8},"end":{"line":14,"column":null}}]},"2":{"loc":{"start":{"line":15,"column":8},"end":{"line":15,"column":null}},"type":"if","locations":[{"start":{"line":15,"column":8},"end":{"line":15,"column":null}}]},"3":{"loc":{"start":{"line":15,"column":46},"end":{"line":15,"column":75}},"type":"cond-expr","locations":[{"start":{"line":15,"column":56},"end":{"line":15,"column":65}},{"start":{"line":15,"column":69},"end":{"line":15,"column":74}}]},"4":{"loc":{"start":{"line":16,"column":8},"end":{"line":16,"column":null}},"type":"if","locations":[{"start":{"line":16,"column":8},"end":{"line":16,"column":null}}]},"5":{"loc":{"start":{"line":16,"column":46},"end":{"line":16,"column":75}},"type":"cond-expr","locations":[{"start":{"line":16,"column":56},"end":{"line":16,"column":65}},{"start":{"line":16,"column":69},"end":{"line":16,"column":74}}]},"6":{"loc":{"start":{"line":22,"column":8},"end":{"line":22,"column":null}},"type":"if","locations":[{"start":{"line":22,"column":8},"end":{"line":22,"column":null}}]},"7":{"loc":{"start":{"line":22,"column":12},"end":{"line":22,"column":82}},"type":"cond-expr","locations":[{"start":{"line":22,"column":26},"end":{"line":22,"column":28}},{"start":{"line":22,"column":26},"end":{"line":22,"column":82}}]},"8":{"loc":{"start":{"line":22,"column":12},"end":{"line":22,"column":28}},"type":"binary-expr","locations":[{"start":{"line":22,"column":12},"end":{"line":22,"column":28}},{"start":{"line":22,"column":26},"end":{"line":22,"column":28}}]},"9":{"loc":{"start":{"line":22,"column":45},"end":{"line":22,"column":81}},"type":"binary-expr","locations":[{"start":{"line":22,"column":45},"end":{"line":22,"column":61}},{"start":{"line":22,"column":65},"end":{"line":22,"column":81}}]}},"s":{"0":1,"1":1,"2":1,"3":17,"4":39,"5":39,"6":39,"7":18,"8":39,"9":14,"10":39,"11":3,"12":39,"13":4,"14":39,"15":38,"16":39,"17":1,"18":1,"19":1},"f":{"0":17,"1":39,"2":39,"3":1},"b":{"0":[18],"1":[14],"2":[3],"3":[1,2],"4":[4],"5":[1,3],"6":[1],"7":[38,1],"8":[39,39],"9":[1,1]}}
,"/Users/alonso/projects/tdd-practice/marsRover/src/Point.ts": {"path":"/Users/alonso/projects/tdd-practice/marsRover/src/Point.ts","statementMap":{"0":{"start":{"line":6,"column":8},"end":{"line":6,"column":19}},"1":{"start":{"line":7,"column":8},"end":{"line":7,"column":19}},"2":{"start":{"line":11,"column":8},"end":{"line":11,"column":37}},"3":{"start":{"line":1,"column":0},"end":{"line":1,"column":13}}},"fnMap":{"0":{"name":"(anonymous_0)","decl":{"start":{"line":5,"column":4},"end":{"line":5,"column":16}},"loc":{"start":{"line":5,"column":36},"end":{"line":8,"column":5}}},"1":{"name":"(anonymous_1)","decl":{"start":{"line":10,"column":4},"end":{"line":10,"column":12}},"loc":{"start":{"line":10,"column":12},"end":{"line":12,"column":5}}}},"branchMap":{},"s":{"0":56,"1":56,"2":17,"3":1},"f":{"0":56,"1":17},"b":{}}
,"/Users/alonso/projects/tdd-practice/marsRover/src/Rover.ts": {"path":"/Users/alonso/projects/tdd-practice/marsRover/src/Rover.ts","statementMap":{"0":{"start":{"line":1,"column":0},"end":{"line":1,"column":39}},"1":{"start":{"line":2,"column":0},"end":{"line":2,"column":31}},"2":{"start":{"line":9,"column":24},"end":{"line":9,"column":32}},"3":{"start":{"line":6,"column":12},"end":{"line":6,"column":null}},"4":{"start":{"line":7,"column":12},"end":{"line":7,"column":null}},"5":{"start":{"line":12,"column":8},"end":{"line":24,"column":9}},"6":{"start":{"line":13,"column":12},"end":{"line":13,"column":null}},"7":{"start":{"line":13,"column":33},"end":{"line":13,"column":null}},"8":{"start":{"line":14,"column":12},"end":{"line":14,"column":null}},"9":{"start":{"line":14,"column":33},"end":{"line":14,"column":null}},"10":{"start":{"line":15,"column":12},"end":{"line":23,"column":13}},"11":{"start":{"line":16,"column":16},"end":{"line":22,"column":17}},"12":{"start":{"line":17,"column":20},"end":{"line":17,"column":null}},"13":{"start":{"line":19,"column":20},"end":{"line":21,"column":21}},"14":{"start":{"line":20,"column":24},"end":{"line":20,"column":null}},"15":{"start":{"line":25,"column":8},"end":{"line":25,"column":null}},"16":{"start":{"line":5,"column":0},"end":{"line":5,"column":13}}},"fnMap":{"0":{"name":"(anonymous_0)","decl":{"start":{"line":9,"column":4},"end":{"line":9,"column":24}},"loc":{"start":{"line":9,"column":32},"end":{"line":9,"column":35}}},"1":{"name":"(anonymous_1)","decl":{"start":{"line":11,"column":4},"end":{"line":11,"column":11}},"loc":{"start":{"line":11,"column":28},"end":{"line":36,"column":5}}}},"branchMap":{"0":{"loc":{"start":{"line":13,"column":12},"end":{"line":13,"column":null}},"type":"if","locations":[{"start":{"line":13,"column":12},"end":{"line":13,"column":null}}]},"1":{"loc":{"start":{"line":14,"column":12},"end":{"line":14,"column":null}},"type":"if","locations":[{"start":{"line":14,"column":12},"end":{"line":14,"column":null}}]},"2":{"loc":{"start":{"line":15,"column":12},"end":{"line":23,"column":13}},"type":"if","locations":[{"start":{"line":15,"column":12},"end":{"line":23,"column":13}}]},"3":{"loc":{"start":{"line":19,"column":20},"end":{"line":21,"column":21}},"type":"if","locations":[{"start":{"line":19,"column":20},"end":{"line":21,"column":21}}]}},"s":{"0":1,"1":1,"2":17,"3":17,"4":17,"5":17,"6":64,"7":17,"8":64,"9":8,"10":64,"11":39,"12":39,"13":1,"14":1,"15":16,"16":1},"f":{"0":17,"1":17},"b":{"0":[17],"1":[8],"2":[39],"3":[1]}}
}
