TN:
SF:src/Direction.ts
FN:3,(anonymous_0)
FN:5,(anonymous_1)
FN:8,(anonymous_2)
FN:12,(anonymous_3)
FNF:4
FNH:4
FNDA:17,(anonymous_0)
FNDA:173,(anonymous_1)
FNDA:17,(anonymous_2)
FNDA:8,(anonymous_3)
DA:1,1
DA:3,1
DA:4,17
DA:6,173
DA:9,17
DA:10,17
DA:13,8
DA:14,8
LF:8
LH:8
BRDA:10,0,0,1
BRDA:14,1,0,4
BRF:2
BRH:2
end_of_record
TN:
SF:src/Map.ts
FN:8,(anonymous_0)
FN:10,(anonymous_1)
FN:21,(anonymous_2)
FN:22,(anonymous_3)
FNF:4
FNH:4
FNDA:17,(anonymous_0)
FNDA:39,(anonymous_1)
FNDA:39,(anonymous_2)
FNDA:1,(anonymous_3)
DA:2,1
DA:4,1
DA:5,1
DA:7,1
DA:8,17
DA:11,39
DA:12,39
DA:13,39
DA:14,39
DA:15,39
DA:16,39
DA:17,39
DA:18,38
DA:22,39
LF:14
LH:14
BRDA:13,0,0,18
BRDA:14,1,0,14
BRDA:15,2,0,3
BRDA:15,3,0,1
BRDA:15,3,1,2
BRDA:16,4,0,4
BRDA:16,5,0,1
BRDA:16,5,1,3
BRDA:22,6,0,1
BRDA:22,7,0,38
BRDA:22,7,1,1
BRDA:22,8,0,39
BRDA:22,8,1,39
BRDA:22,9,0,1
BRDA:22,9,1,1
BRF:15
BRH:15
end_of_record
TN:
SF:src/Point.ts
FN:5,(anonymous_0)
FN:10,(anonymous_1)
FNF:2
FNH:2
FNDA:56,(anonymous_0)
FNDA:17,(anonymous_1)
DA:1,1
DA:6,56
DA:7,56
DA:11,17
LF:4
LH:4
BRF:0
BRH:0
end_of_record
TN:
SF:src/Rover.ts
FN:9,(anonymous_0)
FN:11,(anonymous_1)
FNF:2
FNH:2
FNDA:17,(anonymous_0)
FNDA:17,(anonymous_1)
DA:1,1
DA:2,1
DA:5,1
DA:6,17
DA:7,17
DA:9,17
DA:12,17
DA:13,64
DA:14,64
DA:15,64
DA:16,39
DA:17,39
DA:19,1
DA:20,1
DA:25,16
LF:15
LH:15
BRDA:13,0,0,17
BRDA:14,1,0,8
BRDA:15,2,0,39
BRDA:19,3,0,1
BRF:4
BRH:4
end_of_record
